# JRE version: Java(TM) SE Runtime Environment (8.0_111-b14) (build 1.8.0_111-b14)
# Java VM: Java HotSpot(TM) 64-Bit Server VM (25.111-b14 mixed mode windows-amd64 compressed oops)
Heap:
 PSYoungGen      total 429056K, used 29217K [0x00000000e0000000, 0x0000000100000000, 0x0000000100000000)
  eden space 374784K, 0% used [0x00000000e0000000,0x00000000e0000000,0x00000000f6e00000)
  from space 54272K, 53% used [0x00000000f6e00000,0x00000000f8a88570,0x00000000fa300000)
  to   space 53760K, 0% used [0x00000000fcb80000,0x00000000fcb80000,0x0000000100000000)
 ParOldGen       total 186368K, used 162277K [0x00000000a0000000, 0x00000000ab600000, 0x00000000e0000000)
  object space 186368K, 87% used [0x00000000a0000000,0x00000000a9e79590,0x00000000ab600000)
 Metaspace       used 81023K, capacity 83560K, committed 83968K, reserved 1122304K
  class space    used 10061K, capacity 10675K, committed 10752K, reserved 1048576K
GC Heap History (10 events):
Event: 486.590 GC heap after
Heap after GC invocations=37 (full 5):
 PSYoungGen      total 369152K, used 23425K [0x00000000e0000000, 0x00000000f9780000, 0x0000000100000000)
  eden space 322560K, 0% used [0x00000000e0000000,0x00000000e0000000,0x00000000f3b00000)
  from space 46592K, 50% used [0x00000000f6780000,0x00000000f7e60708,0x00000000f9500000)
  to   space 45568K, 0% used [0x00000000f3b00000,0x00000000f3b00000,0x00000000f6780000)
 ParOldGen       total 127488K, used 108814K [0x00000000a0000000, 0x00000000a7c80000, 0x00000000e0000000)
  object space 127488K, 85% used [0x00000000a0000000,0x00000000a6a43af8,0x00000000a7c80000)
 Metaspace       used 80913K, capacity 83462K, committed 83712K, reserved 1122304K
  class space    used 10064K, capacity 10682K, committed 10752K, reserved 1048576K
}
Event: 486.590 GC heap before
{Heap before GC invocations=38 (full 6):
 PSYoungGen      total 369152K, used 23425K [0x00000000e0000000, 0x00000000f9780000, 0x0000000100000000)
  eden space 322560K, 0% used [0x00000000e0000000,0x00000000e0000000,0x00000000f3b00000)
  from space 46592K, 50% used [0x00000000f6780000,0x00000000f7e60708,0x00000000f9500000)
  to   space 45568K, 0% used [0x00000000f3b00000,0x00000000f3b00000,0x00000000f6780000)
 ParOldGen       total 127488K, used 108814K [0x00000000a0000000, 0x00000000a7c80000, 0x00000000e0000000)
  object space 127488K, 85% used [0x00000000a0000000,0x00000000a6a43af8,0x00000000a7c80000)
 Metaspace       used 80913K, capacity 83462K, committed 83712K, reserved 1122304K
  class space    used 10064K, capacity 10682K, committed 10752K, reserved 1048576K
Event: 487.106 GC heap after
Heap after GC invocations=38 (full 6):
 PSYoungGen      total 369152K, used 0K [0x00000000e0000000, 0x00000000f9780000, 0x0000000100000000)
  eden space 322560K, 0% used [0x00000000e0000000,0x00000000e0000000,0x00000000f3b00000)
  from space 46592K, 0% used [0x00000000f6780000,0x00000000f6780000,0x00000000f9500000)
  to   space 45568K, 0% used [0x00000000f3b00000,0x00000000f3b00000,0x00000000f6780000)
 ParOldGen       total 186368K, used 112722K [0x00000000a0000000, 0x00000000ab600000, 0x00000000e0000000)
  object space 186368K, 60% used [0x00000000a0000000,0x00000000a6e148d8,0x00000000ab600000)
 Metaspace       used 80902K, capacity 83432K, committed 83712K, reserved 1122304K
  class space    used 10060K, capacity 10675K, committed 10752K, reserved 1048576K
}
Event: 488.247 GC heap before
{Heap before GC invocations=39 (full 6):
 PSYoungGen      total 369152K, used 322560K [0x00000000e0000000, 0x00000000f9780000, 0x0000000100000000)
  eden space 322560K, 100% used [0x00000000e0000000,0x00000000f3b00000,0x00000000f3b00000)
  from space 46592K, 0% used [0x00000000f6780000,0x00000000f6780000,0x00000000f9500000)
  to   space 45568K, 0% used [0x00000000f3b00000,0x00000000f3b00000,0x00000000f6780000)
 ParOldGen       total 186368K, used 112722K [0x00000000a0000000, 0x00000000ab600000, 0x00000000e0000000)
  object space 186368K, 60% used [0x00000000a0000000,0x00000000a6e148d8,0x00000000ab600000)
 Metaspace       used 80957K, capacity 83496K, committed 83968K, reserved 1122304K
  class space    used 10061K, capacity 10675K, committed 10752K, reserved 1048576K
Event: 488.319 GC heap after
Heap after GC invocations=39 (full 6):
 PSYoungGen      total 368128K, used 39065K [0x00000000e0000000, 0x00000000fd400000, 0x0000000100000000)
  eden space 322560K, 0% used [0x00000000e0000000,0x00000000e0000000,0x00000000f3b00000)
  from space 45568K, 85% used [0x00000000f3b00000,0x00000000f6126738,0x00000000f6780000)
  to   space 50176K, 0% used [0x00000000fa300000,0x00000000fa300000,0x00000000fd400000)
 ParOldGen       total 186368K, used 112722K [0x00000000a0000000, 0x00000000ab600000, 0x00000000e0000000)
  object space 186368K, 60% used [0x00000000a0000000,0x00000000a6e148d8,0x00000000ab600000)
 Metaspace       used 80957K, capacity 83496K, committed 83968K, reserved 1122304K
  class space    used 10061K, capacity 10675K, committed 10752K, reserved 1048576K
}
Event: 489.270 GC heap before
{Heap before GC invocations=40 (full 6):
 PSYoungGen      total 368128K, used 361625K [0x00000000e0000000, 0x00000000fd400000, 0x0000000100000000)
  eden space 322560K, 100% used [0x00000000e0000000,0x00000000f3b00000,0x00000000f3b00000)
  from space 45568K, 85% used [0x00000000f3b00000,0x00000000f6126738,0x00000000f6780000)
  to   space 50176K, 0% used [0x00000000fa300000,0x00000000fa300000,0x00000000fd400000)
 ParOldGen       total 186368K, used 112722K [0x00000000a0000000, 0x00000000ab600000, 0x00000000e0000000)
  object space 186368K, 60% used [0x00000000a0000000,0x00000000a6e148d8,0x00000000ab600000)
 Metaspace       used 80985K, capacity 83496K, committed 83968K, reserved 1122304K
  class space    used 10061K, capacity 10675K, committed 10752K, reserved 1048576K
Event: 489.378 GC heap after
Heap after GC invocations=40 (full 6):
 PSYoungGen      total 424960K, used 39582K [0x00000000e0000000, 0x00000000fdd00000, 0x0000000100000000)
  eden space 374784K, 0% used [0x00000000e0000000,0x00000000e0000000,0x00000000f6e00000)
  from space 50176K, 78% used [0x00000000fa300000,0x00000000fc9a7990,0x00000000fd400000)
  to   space 54272K, 0% used [0x00000000f6e00000,0x00000000f6e00000,0x00000000fa300000)
 ParOldGen       total 186368K, used 148356K [0x00000000a0000000, 0x00000000ab600000, 0x00000000e0000000)
  object space 186368K, 79% used [0x00000000a0000000,0x00000000a90e1050,0x00000000ab600000)
 Metaspace       used 80985K, capacity 83496K, committed 83968K, reserved 1122304K
  class space    used 10061K, capacity 10675K, committed 10752K, reserved 1048576K
}
Event: 491.239 GC heap before
{Heap before GC invocations=41 (full 6):
 PSYoungGen      total 424960K, used 414366K [0x00000000e0000000, 0x00000000fdd00000, 0x0000000100000000)
  eden space 374784K, 100% used [0x00000000e0000000,0x00000000f6e00000,0x00000000f6e00000)
  from space 50176K, 78% used [0x00000000fa300000,0x00000000fc9a7990,0x00000000fd400000)
  to   space 54272K, 0% used [0x00000000f6e00000,0x00000000f6e00000,0x00000000fa300000)
 ParOldGen       total 186368K, used 148356K [0x00000000a0000000, 0x00000000ab600000, 0x00000000e0000000)
  object space 186368K, 79% used [0x00000000a0000000,0x00000000a90e1050,0x00000000ab600000)
 Metaspace       used 81023K, capacity 83560K, committed 83968K, reserved 1122304K
  class space    used 10061K, capacity 10675K, committed 10752K, reserved 1048576K
Event: 491.317 GC heap after
Heap after GC invocations=41 (full 6):
 PSYoungGen      total 429056K, used 29217K [0x00000000e0000000, 0x0000000100000000, 0x0000000100000000)
  eden space 374784K, 0% used [0x00000000e0000000,0x00000000e0000000,0x00000000f6e00000)
  from space 54272K, 53% used [0x00000000f6e00000,0x00000000f8a88570,0x00000000fa300000)
  to   space 53760K, 0% used [0x00000000fcb80000,0x00000000fcb80000,0x0000000100000000)
 ParOldGen       total 186368K, used 162277K [0x00000000a0000000, 0x00000000ab600000, 0x00000000e0000000)
  object space 186368K, 87% used [0x00000000a0000000,0x00000000a9e79590,0x00000000ab600000)
 Metaspace       used 81023K, capacity 83560K, committed 83968K, reserved 1122304K
  class space    used 10061K, capacity 10675K, committed 10752K, reserved 1048576K
}
Event: 491.317 GC heap before
{Heap before GC invocations=42 (full 7):
 PSYoungGen      total 429056K, used 29217K [0x00000000e0000000, 0x0000000100000000, 0x0000000100000000)
  eden space 374784K, 0% used [0x00000000e0000000,0x00000000e0000000,0x00000000f6e00000)
  from space 54272K, 53% used [0x00000000f6e00000,0x00000000f8a88570,0x00000000fa300000)
  to   space 53760K, 0% used [0x00000000fcb80000,0x00000000fcb80000,0x0000000100000000)
 ParOldGen       total 186368K, used 162277K [0x00000000a0000000, 0x00000000ab600000, 0x00000000e0000000)
  object space 186368K, 87% used [0x00000000a0000000,0x00000000a9e79590,0x00000000ab600000)
 Metaspace       used 81023K, capacity 83560K, committed 83968K, reserved 1122304K
  class space    used 10061K, capacity 10675K, committed 10752K, reserved 1048576K

